2017-04-20 09:24:15,949 [1] ERROR ProcessMap.EPiServer.Plugins.ProcessMap.ImprovedPluginStartup: ProcessMap Plugin initialization failed: Cannot determine SiteUrl for the EPiServer site. It's too early in the setup to do it
ProcessMapEditor.Data.ProcessMapException : Cannot determine SiteUrl for the EPiServer site. It's too early in the setup to do it
   at ProcessMap.EPiServer.Common.Plugins.ProcessMap.EPiUtil.get_SiteUrl()
   at ProcessMap.EPiServer.Plugins.ProcessMap.ImprovedPluginStartup.Initialize(InitializationEngine context)
ProcessMapEditor.Data.ProcessMapException : Cannot determine SiteUrl for the EPiServer site. It's too early in the setup to do it
   at ProcessMap.EPiServer.Common.Plugins.ProcessMap.EPiUtil.get_SiteUrl()
   at ProcessMap.EPiServer.Plugins.ProcessMap.ImprovedPluginStartup.Initialize(InitializationEngine context)
2017-04-20 09:24:26,543 [14] ERROR EPiServer.Global: 1.2.5 Unhandled exception in ASP.NET
System.Web.HttpException (0x80004005): The controller for path '/favicon.ico' was not found or does not implement IController.
   at System.Web.Mvc.DefaultControllerFactory.GetControllerInstance(RequestContext requestContext, Type controllerType)
   at System.Web.Mvc.DefaultControllerFactory.CreateController(RequestContext requestContext, String controllerName)
   at System.Web.Mvc.MvcHandler.ProcessRequestInit(HttpContextBase httpContext, IController& controller, IControllerFactory& factory)
   at System.Web.Mvc.MvcHandler.BeginProcessRequest(HttpContextBase httpContext, AsyncCallback callback, Object state)
   at System.Web.HttpApplication.CallHandlerExecutionStep.System.Web.HttpApplication.IExecutionStep.Execute()
   at System.Web.HttpApplication.ExecuteStep(IExecutionStep step, Boolean& completedSynchronously)
System.Web.HttpException (0x80004005): The controller for path '/favicon.ico' was not found or does not implement IController.
   at System.Web.Mvc.DefaultControllerFactory.GetControllerInstance(RequestContext requestContext, Type controllerType)
   at System.Web.Mvc.DefaultControllerFactory.CreateController(RequestContext requestContext, String controllerName)
   at System.Web.Mvc.MvcHandler.ProcessRequestInit(HttpContextBase httpContext, IController& controller, IControllerFactory& factory)
   at System.Web.Mvc.MvcHandler.BeginProcessRequest(HttpContextBase httpContext, AsyncCallback callback, Object state)
   at System.Web.HttpApplication.CallHandlerExecutionStep.System.Web.HttpApplication.IExecutionStep.Execute()
   at System.Web.HttpApplication.ExecuteStep(IExecutionStep step, Boolean& completedSynchronously)
2017-04-20 09:25:57,528 [1] ERROR EPiServer.Framework.Initialization.InitializationEngine: Initialize action failed for Initialize on class EPiServer.Data.DataInitialization, EPiServer.Data, Version=9.6.0.0, Culture=neutral, PublicKeyToken=8fe83dea738b45b7
System.Data.SqlClient.SqlException (0x80131904): Cannot open database "vaultopia-EPi" requested by the login. The login failed.
Login failed for user 'dbUserVaultopia'.
   at System.Data.SqlClient.SqlInternalConnectionTds..ctor(DbConnectionPoolIdentity identity, SqlConnectionString connectionOptions, SqlCredential credential, Object providerInfo, String newPassword, SecureString newSecurePassword, Boolean redirectedUserInstance, SqlConnectionString userConnectionOptions, SessionData reconnectSessionData, DbConnectionPool pool, String accessToken, Boolean applyTransientFaultHandling)
   at System.Data.SqlClient.SqlConnectionFactory.CreateConnection(DbConnectionOptions options, DbConnectionPoolKey poolKey, Object poolGroupProviderInfo, DbConnectionPool pool, DbConnection owningConnection, DbConnectionOptions userOptions)
   at System.Data.ProviderBase.DbConnectionFactory.CreatePooledConnection(DbConnectionPool pool, DbConnection owningObject, DbConnectionOptions options, DbConnectionPoolKey poolKey, DbConnectionOptions userOptions)
   at System.Data.ProviderBase.DbConnectionPool.CreateObject(DbConnection owningObject, DbConnectionOptions userOptions, DbConnectionInternal oldConnection)
   at System.Data.ProviderBase.DbConnectionPool.UserCreateRequest(DbConnection owningObject, DbConnectionOptions userOptions, DbConnectionInternal oldConnection)
   at System.Data.ProviderBase.DbConnectionPool.TryGetConnection(DbConnection owningObject, UInt32 waitForMultipleObjectsTimeout, Boolean allowCreate, Boolean onlyOneCheckConnection, DbConnectionOptions userOptions, DbConnectionInternal& connection)
   at System.Data.ProviderBase.DbConnectionPool.TryGetConnection(DbConnection owningObject, TaskCompletionSource`1 retry, DbConnectionOptions userOptions, DbConnectionInternal& connection)
   at System.Data.ProviderBase.DbConnectionFactory.TryGetConnection(DbConnection owningConnection, TaskCompletionSource`1 retry, DbConnectionOptions userOptions, DbConnectionInternal oldConnection, DbConnectionInternal& connection)
   at System.Data.ProviderBase.DbConnectionInternal.TryOpenConnectionInternal(DbConnection outerConnection, DbConnectionFactory connectionFactory, TaskCompletionSource`1 retry, DbConnectionOptions userOptions)
   at System.Data.SqlClient.SqlConnection.TryOpenInner(TaskCompletionSource`1 retry)
   at System.Data.SqlClient.SqlConnection.TryOpen(TaskCompletionSource`1 retry)
   at System.Data.SqlClient.SqlConnection.Open()
   at EPiServer.Data.Providers.ConnectionContext.<OpenConnection>b__15_0()
   at EPiServer.Data.Providers.SqlTransientErrorsRetryPolicy.Execute[TResult](Func`1 method)
   at EPiServer.Data.Providers.ConnectionContext.OpenConnection()
   at EPiServer.Data.Providers.SqlDatabaseHandler.GetConnection(Boolean requireTransaction)
   at EPiServer.Data.Providers.SqlDatabaseHandler.<>c__DisplayClass28_0`1.<Execute>b__0()
   at EPiServer.Data.Providers.SqlTransientErrorsRetryPolicy.Execute[TResult](Func`1 method)
   at EPiServer.Data.SchemaUpdates.DatabaseVersionRetriever.GetDatabaseVersion(Boolean forceRefresh)
   at EPiServer.Data.DatabaseVersionValidator.GetStatus(ConnectionStringsSection connectionStrings)
   at EPiServer.Data.SchemaUpdates.DatabaseSchemaManagerImplementation.<>c__DisplayClass5_0.<EnsureDatabaseSchema>b__0(IDatabaseSchemaUpdater u)
   at System.Linq.Enumerable.WhereSelectArrayIterator`2.MoveNext()
   at System.Collections.Generic.List`1..ctor(IEnumerable`1 collection)
   at System.Linq.Enumerable.ToList[TSource](IEnumerable`1 source)
   at EPiServer.Data.SchemaUpdates.DatabaseSchemaManagerImplementation.EnsureDatabaseSchema(ConnectionStringsSection connectionStrings, Boolean automaticSchemaUpdatesEnabled, Boolean automaticSchemaCreationEnabled)
   at EPiServer.Data.DataInitialization.Initialize(InitializationEngine context)
   at EPiServer.Framework.Initialization.ModuleNode.Execute(Action a, String key)
   at EPiServer.Framework.Initialization.InitializationEngine.InitializeModules()
ClientConnectionId:a9e94f36-a1a8-4706-a728-1a83d80b60ae
Error Number:4060,State:1,Class:11
System.Data.SqlClient.SqlException (0x80131904): Cannot open database "vaultopia-EPi" requested by the login. The login failed.
Login failed for user 'dbUserVaultopia'.
   at System.Data.SqlClient.SqlInternalConnectionTds..ctor(DbConnectionPoolIdentity identity, SqlConnectionString connectionOptions, SqlCredential credential, Object providerInfo, String newPassword, SecureString newSecurePassword, Boolean redirectedUserInstance, SqlConnectionString userConnectionOptions, SessionData reconnectSessionData, DbConnectionPool pool, String accessToken, Boolean applyTransientFaultHandling)
   at System.Data.SqlClient.SqlConnectionFactory.CreateConnection(DbConnectionOptions options, DbConnectionPoolKey poolKey, Object poolGroupProviderInfo, DbConnectionPool pool, DbConnection owningConnection, DbConnectionOptions userOptions)
   at System.Data.ProviderBase.DbConnectionFactory.CreatePooledConnection(DbConnectionPool pool, DbConnection owningObject, DbConnectionOptions options, DbConnectionPoolKey poolKey, DbConnectionOptions userOptions)
   at System.Data.ProviderBase.DbConnectionPool.CreateObject(DbConnection owningObject, DbConnectionOptions userOptions, DbConnectionInternal oldConnection)
   at System.Data.ProviderBase.DbConnectionPool.UserCreateRequest(DbConnection owningObject, DbConnectionOptions userOptions, DbConnectionInternal oldConnection)
   at System.Data.ProviderBase.DbConnectionPool.TryGetConnection(DbConnection owningObject, UInt32 waitForMultipleObjectsTimeout, Boolean allowCreate, Boolean onlyOneCheckConnection, DbConnectionOptions userOptions, DbConnectionInternal& connection)
   at System.Data.ProviderBase.DbConnectionPool.TryGetConnection(DbConnection owningObject, TaskCompletionSource`1 retry, DbConnectionOptions userOptions, DbConnectionInternal& connection)
   at System.Data.ProviderBase.DbConnectionFactory.TryGetConnection(DbConnection owningConnection, TaskCompletionSource`1 retry, DbConnectionOptions userOptions, DbConnectionInternal oldConnection, DbConnectionInternal& connection)
   at System.Data.ProviderBase.DbConnectionInternal.TryOpenConnectionInternal(DbConnection outerConnection, DbConnectionFactory connectionFactory, TaskCompletionSource`1 retry, DbConnectionOptions userOptions)
   at System.Data.SqlClient.SqlConnection.TryOpenInner(TaskCompletionSource`1 retry)
   at System.Data.SqlClient.SqlConnection.TryOpen(TaskCompletionSource`1 retry)
   at System.Data.SqlClient.SqlConnection.Open()
   at EPiServer.Data.Providers.ConnectionContext.<OpenConnection>b__15_0()
   at EPiServer.Data.Providers.SqlTransientErrorsRetryPolicy.Execute[TResult](Func`1 method)
   at EPiServer.Data.Providers.ConnectionContext.OpenConnection()
   at EPiServer.Data.Providers.SqlDatabaseHandler.GetConnection(Boolean requireTransaction)
   at EPiServer.Data.Providers.SqlDatabaseHandler.<>c__DisplayClass28_0`1.<Execute>b__0()
   at EPiServer.Data.Providers.SqlTransientErrorsRetryPolicy.Execute[TResult](Func`1 method)
   at EPiServer.Data.SchemaUpdates.DatabaseVersionRetriever.GetDatabaseVersion(Boolean forceRefresh)
   at EPiServer.Data.DatabaseVersionValidator.GetStatus(ConnectionStringsSection connectionStrings)
   at EPiServer.Data.SchemaUpdates.DatabaseSchemaManagerImplementation.<>c__DisplayClass5_0.<EnsureDatabaseSchema>b__0(IDatabaseSchemaUpdater u)
   at System.Linq.Enumerable.WhereSelectArrayIterator`2.MoveNext()
   at System.Collections.Generic.List`1..ctor(IEnumerable`1 collection)
   at System.Linq.Enumerable.ToList[TSource](IEnumerable`1 source)
   at EPiServer.Data.SchemaUpdates.DatabaseSchemaManagerImplementation.EnsureDatabaseSchema(ConnectionStringsSection connectionStrings, Boolean automaticSchemaUpdatesEnabled, Boolean automaticSchemaCreationEnabled)
   at EPiServer.Data.DataInitialization.Initialize(InitializationEngine context)
   at EPiServer.Framework.Initialization.ModuleNode.Execute(Action a, String key)
   at EPiServer.Framework.Initialization.InitializationEngine.InitializeModules()
ClientConnectionId:a9e94f36-a1a8-4706-a728-1a83d80b60ae
Error Number:4060,State:1,Class:11
2017-04-20 09:26:37,570 [46] ERROR EPiServer.Framework.Initialization.InitializationEngine: Initialize action failed for Initialize on class EPiServer.Data.DataInitialization, EPiServer.Data, Version=9.6.0.0, Culture=neutral, PublicKeyToken=8fe83dea738b45b7
System.Data.SqlClient.SqlException (0x80131904): Cannot open database "vaultopia-EPi" requested by the login. The login failed.
Login failed for user 'dbUserVaultopia'.
   at System.Data.SqlClient.SqlInternalConnectionTds..ctor(DbConnectionPoolIdentity identity, SqlConnectionString connectionOptions, SqlCredential credential, Object providerInfo, String newPassword, SecureString newSecurePassword, Boolean redirectedUserInstance, SqlConnectionString userConnectionOptions, SessionData reconnectSessionData, DbConnectionPool pool, String accessToken, Boolean applyTransientFaultHandling)
   at System.Data.SqlClient.SqlConnectionFactory.CreateConnection(DbConnectionOptions options, DbConnectionPoolKey poolKey, Object poolGroupProviderInfo, DbConnectionPool pool, DbConnection owningConnection, DbConnectionOptions userOptions)
   at System.Data.ProviderBase.DbConnectionFactory.CreatePooledConnection(DbConnectionPool pool, DbConnection owningObject, DbConnectionOptions options, DbConnectionPoolKey poolKey, DbConnectionOptions userOptions)
   at System.Data.ProviderBase.DbConnectionPool.CreateObject(DbConnection owningObject, DbConnectionOptions userOptions, DbConnectionInternal oldConnection)
   at System.Data.ProviderBase.DbConnectionPool.UserCreateRequest(DbConnection owningObject, DbConnectionOptions userOptions, DbConnectionInternal oldConnection)
   at System.Data.ProviderBase.DbConnectionPool.TryGetConnection(DbConnection owningObject, UInt32 waitForMultipleObjectsTimeout, Boolean allowCreate, Boolean onlyOneCheckConnection, DbConnectionOptions userOptions, DbConnectionInternal& connection)
   at System.Data.ProviderBase.DbConnectionPool.TryGetConnection(DbConnection owningObject, TaskCompletionSource`1 retry, DbConnectionOptions userOptions, DbConnectionInternal& connection)
   at System.Data.ProviderBase.DbConnectionFactory.TryGetConnection(DbConnection owningConnection, TaskCompletionSource`1 retry, DbConnectionOptions userOptions, DbConnectionInternal oldConnection, DbConnectionInternal& connection)
   at System.Data.ProviderBase.DbConnectionInternal.TryOpenConnectionInternal(DbConnection outerConnection, DbConnectionFactory connectionFactory, TaskCompletionSource`1 retry, DbConnectionOptions userOptions)
   at System.Data.SqlClient.SqlConnection.TryOpenInner(TaskCompletionSource`1 retry)
   at System.Data.SqlClient.SqlConnection.TryOpen(TaskCompletionSource`1 retry)
   at System.Data.SqlClient.SqlConnection.Open()
   at EPiServer.Data.Providers.ConnectionContext.<OpenConnection>b__15_0()
   at EPiServer.Data.Providers.SqlTransientErrorsRetryPolicy.Execute[TResult](Func`1 method)
   at EPiServer.Data.Providers.ConnectionContext.OpenConnection()
   at EPiServer.Data.Providers.SqlDatabaseHandler.GetConnection(Boolean requireTransaction)
   at EPiServer.Data.Providers.SqlDatabaseHandler.<>c__DisplayClass28_0`1.<Execute>b__0()
   at EPiServer.Data.Providers.SqlTransientErrorsRetryPolicy.Execute[TResult](Func`1 method)
   at EPiServer.Data.SchemaUpdates.DatabaseVersionRetriever.GetDatabaseVersion(Boolean forceRefresh)
   at EPiServer.Data.DatabaseVersionValidator.GetStatus(ConnectionStringsSection connectionStrings)
   at EPiServer.Data.SchemaUpdates.DatabaseSchemaManagerImplementation.<>c__DisplayClass5_0.<EnsureDatabaseSchema>b__0(IDatabaseSchemaUpdater u)
   at System.Linq.Enumerable.WhereSelectArrayIterator`2.MoveNext()
   at System.Collections.Generic.List`1..ctor(IEnumerable`1 collection)
   at System.Linq.Enumerable.ToList[TSource](IEnumerable`1 source)
   at EPiServer.Data.SchemaUpdates.DatabaseSchemaManagerImplementation.EnsureDatabaseSchema(ConnectionStringsSection connectionStrings, Boolean automaticSchemaUpdatesEnabled, Boolean automaticSchemaCreationEnabled)
   at EPiServer.Data.DataInitialization.Initialize(InitializationEngine context)
   at EPiServer.Framework.Initialization.ModuleNode.Execute(Action a, String key)
   at EPiServer.Framework.Initialization.InitializationEngine.InitializeModules()
ClientConnectionId:37bcf3d3-2eb3-452c-a4b6-810f8f581c30
Error Number:4060,State:1,Class:11
System.Data.SqlClient.SqlException (0x80131904): Cannot open database "vaultopia-EPi" requested by the login. The login failed.
Login failed for user 'dbUserVaultopia'.
   at System.Data.SqlClient.SqlInternalConnectionTds..ctor(DbConnectionPoolIdentity identity, SqlConnectionString connectionOptions, SqlCredential credential, Object providerInfo, String newPassword, SecureString newSecurePassword, Boolean redirectedUserInstance, SqlConnectionString userConnectionOptions, SessionData reconnectSessionData, DbConnectionPool pool, String accessToken, Boolean applyTransientFaultHandling)
   at System.Data.SqlClient.SqlConnectionFactory.CreateConnection(DbConnectionOptions options, DbConnectionPoolKey poolKey, Object poolGroupProviderInfo, DbConnectionPool pool, DbConnection owningConnection, DbConnectionOptions userOptions)
   at System.Data.ProviderBase.DbConnectionFactory.CreatePooledConnection(DbConnectionPool pool, DbConnection owningObject, DbConnectionOptions options, DbConnectionPoolKey poolKey, DbConnectionOptions userOptions)
   at System.Data.ProviderBase.DbConnectionPool.CreateObject(DbConnection owningObject, DbConnectionOptions userOptions, DbConnectionInternal oldConnection)
   at System.Data.ProviderBase.DbConnectionPool.UserCreateRequest(DbConnection owningObject, DbConnectionOptions userOptions, DbConnectionInternal oldConnection)
   at System.Data.ProviderBase.DbConnectionPool.TryGetConnection(DbConnection owningObject, UInt32 waitForMultipleObjectsTimeout, Boolean allowCreate, Boolean onlyOneCheckConnection, DbConnectionOptions userOptions, DbConnectionInternal& connection)
   at System.Data.ProviderBase.DbConnectionPool.TryGetConnection(DbConnection owningObject, TaskCompletionSource`1 retry, DbConnectionOptions userOptions, DbConnectionInternal& connection)
   at System.Data.ProviderBase.DbConnectionFactory.TryGetConnection(DbConnection owningConnection, TaskCompletionSource`1 retry, DbConnectionOptions userOptions, DbConnectionInternal oldConnection, DbConnectionInternal& connection)
   at System.Data.ProviderBase.DbConnectionInternal.TryOpenConnectionInternal(DbConnection outerConnection, DbConnectionFactory connectionFactory, TaskCompletionSource`1 retry, DbConnectionOptions userOptions)
   at System.Data.SqlClient.SqlConnection.TryOpenInner(TaskCompletionSource`1 retry)
   at System.Data.SqlClient.SqlConnection.TryOpen(TaskCompletionSource`1 retry)
   at System.Data.SqlClient.SqlConnection.Open()
   at EPiServer.Data.Providers.ConnectionContext.<OpenConnection>b__15_0()
   at EPiServer.Data.Providers.SqlTransientErrorsRetryPolicy.Execute[TResult](Func`1 method)
   at EPiServer.Data.Providers.ConnectionContext.OpenConnection()
   at EPiServer.Data.Providers.SqlDatabaseHandler.GetConnection(Boolean requireTransaction)
   at EPiServer.Data.Providers.SqlDatabaseHandler.<>c__DisplayClass28_0`1.<Execute>b__0()
   at EPiServer.Data.Providers.SqlTransientErrorsRetryPolicy.Execute[TResult](Func`1 method)
   at EPiServer.Data.SchemaUpdates.DatabaseVersionRetriever.GetDatabaseVersion(Boolean forceRefresh)
   at EPiServer.Data.DatabaseVersionValidator.GetStatus(ConnectionStringsSection connectionStrings)
   at EPiServer.Data.SchemaUpdates.DatabaseSchemaManagerImplementation.<>c__DisplayClass5_0.<EnsureDatabaseSchema>b__0(IDatabaseSchemaUpdater u)
   at System.Linq.Enumerable.WhereSelectArrayIterator`2.MoveNext()
   at System.Collections.Generic.List`1..ctor(IEnumerable`1 collection)
   at System.Linq.Enumerable.ToList[TSource](IEnumerable`1 source)
   at EPiServer.Data.SchemaUpdates.DatabaseSchemaManagerImplementation.EnsureDatabaseSchema(ConnectionStringsSection connectionStrings, Boolean automaticSchemaUpdatesEnabled, Boolean automaticSchemaCreationEnabled)
   at EPiServer.Data.DataInitialization.Initialize(InitializationEngine context)
   at EPiServer.Framework.Initialization.ModuleNode.Execute(Action a, String key)
   at EPiServer.Framework.Initialization.InitializationEngine.InitializeModules()
ClientConnectionId:37bcf3d3-2eb3-452c-a4b6-810f8f581c30
Error Number:4060,State:1,Class:11
2017-04-20 09:27:06,654 [1] ERROR ProcessMap.EPiServer.Plugins.ProcessMap.ImprovedPluginStartup: ProcessMap Plugin initialization failed: Cannot determine SiteUrl for the EPiServer site. It's too early in the setup to do it
ProcessMapEditor.Data.ProcessMapException : Cannot determine SiteUrl for the EPiServer site. It's too early in the setup to do it
   at ProcessMap.EPiServer.Common.Plugins.ProcessMap.EPiUtil.get_SiteUrl()
   at ProcessMap.EPiServer.Plugins.ProcessMap.ImprovedPluginStartup.Initialize(InitializationEngine context)
ProcessMapEditor.Data.ProcessMapException : Cannot determine SiteUrl for the EPiServer site. It's too early in the setup to do it
   at ProcessMap.EPiServer.Common.Plugins.ProcessMap.EPiUtil.get_SiteUrl()
   at ProcessMap.EPiServer.Plugins.ProcessMap.ImprovedPluginStartup.Initialize(InitializationEngine context)
2017-04-20 09:27:38,220 [46] ERROR ProcessMap.EPiServer.Plugins.ProcessMap.ImprovedPluginStartup: ProcessMap Plugin initialization failed: Cannot determine SiteUrl for the EPiServer site. It's too early in the setup to do it
ProcessMapEditor.Data.ProcessMapException : Cannot determine SiteUrl for the EPiServer site. It's too early in the setup to do it
   at ProcessMap.EPiServer.Common.Plugins.ProcessMap.EPiUtil.get_SiteUrl()
   at ProcessMap.EPiServer.Plugins.ProcessMap.ImprovedPluginStartup.Initialize(InitializationEngine context)
ProcessMapEditor.Data.ProcessMapException : Cannot determine SiteUrl for the EPiServer site. It's too early in the setup to do it
   at ProcessMap.EPiServer.Common.Plugins.ProcessMap.EPiUtil.get_SiteUrl()
   at ProcessMap.EPiServer.Plugins.ProcessMap.ImprovedPluginStartup.Initialize(InitializationEngine context)
2017-04-20 09:35:45,839 [1] ERROR EPiServer.Personalization.Providers.MaxMind.GeolocationProvider: Geolocation database file cannot be found: C:\Git\Vaultopia\vaultopia\AppData\Geolocation\GeoLiteCity.dat
2017-04-20 09:35:47,654 [1] ERROR ProcessMap.EPiServer.Plugins.ProcessMap.ImprovedPluginStartup: ProcessMap Plugin initialization failed: Cannot determine SiteUrl for the EPiServer site. It's too early in the setup to do it
ProcessMapEditor.Data.ProcessMapException : Cannot determine SiteUrl for the EPiServer site. It's too early in the setup to do it
   at ProcessMap.EPiServer.Common.Plugins.ProcessMap.EPiUtil.get_SiteUrl()
   at ProcessMap.EPiServer.Plugins.ProcessMap.ImprovedPluginStartup.Initialize(InitializationEngine context)
ProcessMapEditor.Data.ProcessMapException : Cannot determine SiteUrl for the EPiServer site. It's too early in the setup to do it
   at ProcessMap.EPiServer.Common.Plugins.ProcessMap.EPiUtil.get_SiteUrl()
   at ProcessMap.EPiServer.Plugins.ProcessMap.ImprovedPluginStartup.Initialize(InitializationEngine context)
2017-04-20 09:35:47,684 [9] ERROR EPiServer.DataAbstraction.RuntimeModel.ContentTypeModelScanner: Failed to eager compile type Vaultopia.Web.Models.Blocks.SiteTestimonialBlock
Castle.MicroKernel.ComponentActivator.ComponentActivatorException: ComponentActivator: could not proxy Vaultopia.Web.Models.Blocks.SiteTestimonialBlock ---> System.Reflection.TargetInvocationException: Exception has been thrown by the target of an invocation. ---> ImageVault.Common.ImageVaultException: Cannot determine SiteUrl for the EPiServer site. It's too early in the setup to do it
   at ImageVault.EPiServer.ImageVaultModule.<>c.<Initialize>b__7_0()
   at ImageVault.Client.RestApiClientFactory.GetSdkClient()
   at Vaultopia.Web.Models.Blocks.SiteTestimonialBlock..ctor() in C:\Git\Vaultopia\vaultopia\Vaultopia.Web\Models\Blocks\SiteTestimonialBlock.cs:line 19
   --- End of inner exception stack trace ---
   at System.RuntimeMethodHandle.InvokeMethod(Object target, Object[] arguments, Signature sig, Boolean constructor)
   at System.Reflection.RuntimeConstructorInfo.Invoke(BindingFlags invokeAttr, Binder binder, Object[] parameters, CultureInfo culture)
   at System.RuntimeType.CreateInstanceImpl(BindingFlags bindingAttr, Binder binder, Object[] args, CultureInfo culture, Object[] activationAttributes, StackCrawlMark& stackMark)
   at System.Activator.CreateInstance(Type type, BindingFlags bindingAttr, Binder binder, Object[] args, CultureInfo culture, Object[] activationAttributes)
   at System.Activator.CreateInstance(Type type, Object[] args)
   at Castle.DynamicProxy.ProxyGenerator.CreateClassProxyInstance(Type proxyType, List`1 proxyArguments, Type classToProxy, Object[] constructorArguments)
   at Castle.Windsor.Proxy.DefaultProxyFactory.Create(IKernel kernel, Object target, ComponentModel model, CreationContext context, Object[] constructorArguments)
   at Castle.MicroKernel.ComponentActivator.DefaultComponentActivator.CreateInstance(CreationContext context, ConstructorCandidate constructor, Object[] arguments)
   --- End of inner exception stack trace ---
   at Castle.MicroKernel.ComponentActivator.DefaultComponentActivator.CreateInstance(CreationContext context, ConstructorCandidate constructor, Object[] arguments)
   at Castle.MicroKernel.ComponentActivator.DefaultComponentActivator.InternalCreate(CreationContext context)
   at Castle.MicroKernel.ComponentActivator.AbstractComponentActivator.Create(CreationContext context, Burden burden)
   at Castle.MicroKernel.Lifestyle.AbstractLifestyleManager.CreateInstance(CreationContext context, Boolean trackedExternally)
   at Castle.MicroKernel.Lifestyle.AbstractLifestyleManager.Resolve(CreationContext context, IReleasePolicy releasePolicy)
   at Castle.MicroKernel.Handlers.DefaultHandler.ResolveCore(CreationContext context, Boolean requiresDecommission, Boolean instanceRequired, Burden& burden)
   at Castle.MicroKernel.Handlers.DefaultHandler.Resolve(CreationContext context, Boolean instanceRequired)
   at Castle.MicroKernel.DefaultKernel.ResolveComponent(IHandler handler, Type service, IDictionary additionalArguments, IReleasePolicy policy)
   at Castle.MicroKernel.DefaultKernel.Castle.MicroKernel.IKernelInternal.Resolve(Type service, IDictionary arguments, IReleasePolicy policy)
   at EPiServer.DataAbstraction.RuntimeModel.ContentDataActivator.Create(Type contentDataType)
   at EPiServer.DataAbstraction.RuntimeModel.ContentTypeModelScanner.<>c__DisplayClass26_0.<EagerCompileProxies>b__2()
Castle.MicroKernel.ComponentActivator.ComponentActivatorException: ComponentActivator: could not proxy Vaultopia.Web.Models.Blocks.SiteTestimonialBlock ---> System.Reflection.TargetInvocationException: Exception has been thrown by the target of an invocation. ---> ImageVault.Common.ImageVaultException: Cannot determine SiteUrl for the EPiServer site. It's too early in the setup to do it
   at ImageVault.EPiServer.ImageVaultModule.<>c.<Initialize>b__7_0()
   at ImageVault.Client.RestApiClientFactory.GetSdkClient()
   at Vaultopia.Web.Models.Blocks.SiteTestimonialBlock..ctor() in C:\Git\Vaultopia\vaultopia\Vaultopia.Web\Models\Blocks\SiteTestimonialBlock.cs:line 19
   --- End of inner exception stack trace ---
   at System.RuntimeMethodHandle.InvokeMethod(Object target, Object[] arguments, Signature sig, Boolean constructor)
   at System.Reflection.RuntimeConstructorInfo.Invoke(BindingFlags invokeAttr, Binder binder, Object[] parameters, CultureInfo culture)
   at System.RuntimeType.CreateInstanceImpl(BindingFlags bindingAttr, Binder binder, Object[] args, CultureInfo culture, Object[] activationAttributes, StackCrawlMark& stackMark)
   at System.Activator.CreateInstance(Type type, BindingFlags bindingAttr, Binder binder, Object[] args, CultureInfo culture, Object[] activationAttributes)
   at System.Activator.CreateInstance(Type type, Object[] args)
   at Castle.DynamicProxy.ProxyGenerator.CreateClassProxyInstance(Type proxyType, List`1 proxyArguments, Type classToProxy, Object[] constructorArguments)
   at Castle.Windsor.Proxy.DefaultProxyFactory.Create(IKernel kernel, Object target, ComponentModel model, CreationContext context, Object[] constructorArguments)
   at Castle.MicroKernel.ComponentActivator.DefaultComponentActivator.CreateInstance(CreationContext context, ConstructorCandidate constructor, Object[] arguments)
   --- End of inner exception stack trace ---
   at Castle.MicroKernel.ComponentActivator.DefaultComponentActivator.CreateInstance(CreationContext context, ConstructorCandidate constructor, Object[] arguments)
   at Castle.MicroKernel.ComponentActivator.DefaultComponentActivator.InternalCreate(CreationContext context)
   at Castle.MicroKernel.ComponentActivator.AbstractComponentActivator.Create(CreationContext context, Burden burden)
   at Castle.MicroKernel.Lifestyle.AbstractLifestyleManager.CreateInstance(CreationContext context, Boolean trackedExternally)
   at Castle.MicroKernel.Lifestyle.AbstractLifestyleManager.Resolve(CreationContext context, IReleasePolicy releasePolicy)
   at Castle.MicroKernel.Handlers.DefaultHandler.ResolveCore(CreationContext context, Boolean requiresDecommission, Boolean instanceRequired, Burden& burden)
   at Castle.MicroKernel.Handlers.DefaultHandler.Resolve(CreationContext context, Boolean instanceRequired)
   at Castle.MicroKernel.DefaultKernel.ResolveComponent(IHandler handler, Type service, IDictionary additionalArguments, IReleasePolicy policy)
   at Castle.MicroKernel.DefaultKernel.Castle.MicroKernel.IKernelInternal.Resolve(Type service, IDictionary arguments, IReleasePolicy policy)
   at EPiServer.DataAbstraction.RuntimeModel.ContentDataActivator.Create(Type contentDataType)
   at EPiServer.DataAbstraction.RuntimeModel.ContentTypeModelScanner.<>c__DisplayClass26_0.<EagerCompileProxies>b__2()
